<?xml version="1.0" encoding="UTF-8"?>
<!-- Generated by org.testng.reporters.JUnitXMLReporter -->
<testsuite ignored="0" hostname="walid-farid" failures="0" tests="9" name="FirstSelenuimDemo.java" time="30.483" errors="0" timestamp="2024-12-06T20:38:53 EET">
  <testcase classname="DemoPackage.TestNGDemo" name="validateUserInHomePage" time="2.331"/>
  <testcase classname="DemoPackage.TestNGDemo" name="validateUserClickOnSignup" time="3.382"/>
  <testcase classname="DemoPackage.TestNGDemo" name="enterValidNameAndEmailInSignUpPage" time="1.574"/>
  <testcase classname="DemoPackage.TestNGDemo" name="verifyEnterAccountInformationIsVisible" time="0.183"/>
  <testcase classname="DemoPackage.TestNGDemo" name="fillingAccountInformationFields" time="6.251"/>
  <testcase classname="DemoPackage.TestNGDemo" name="verifyAccountCreatedIsVisible" time="2.032"/>
  <testcase classname="DemoPackage.TestNGDemo" name="verifyThatLoggedinAsUsernameIsVisible" time="0.047"/>
  <testcase classname="DemoPackage.TestNGDemo" name="deleteAccount" time="1.873"/>
  <testcase classname="DemoPackage.TestNGDemo" name="verifyThatAccountDeletedIsVisible" time="4.106"/>
</testsuite> <!-- FirstSelenuimDemo.java -->
