<?xml version="1.0" encoding="UTF-8"?>
<testng-results ignored="0" total="9" passed="9" failed="0" skipped="0">
  <reporter-output>
  </reporter-output>
  <suite started-at="2024-12-06T20:38:22 EET" name="Default Suite" finished-at="2024-12-06T20:38:53 EET" duration-ms="30483">
    <groups>
    </groups>
    <test started-at="2024-12-06T20:38:22 EET" name="FirstSelenuimDemo.java" finished-at="2024-12-06T20:38:53 EET" duration-ms="30483">
      <class name="DemoPackage.TestNGDemo">
        <test-method is-config="true" signature="openTheBrowser()[pri:0, instance:DemoPackage.TestNGDemo@ec756bd]" started-at="2024-12-06T20:38:22 EET" name="openTheBrowser" finished-at="2024-12-06T20:38:30 EET" duration-ms="7635" status="PASS">
          <reporter-output>
          </reporter-output>
        </test-method> <!-- openTheBrowser -->
        <test-method signature="validateUserInHomePage()[pri:0, instance:DemoPackage.TestNGDemo@ec756bd]" started-at="2024-12-06T20:38:30 EET" name="validateUserInHomePage" finished-at="2024-12-06T20:38:32 EET" duration-ms="2331" status="PASS">
          <reporter-output>
          </reporter-output>
        </test-method> <!-- validateUserInHomePage -->
        <test-method signature="validateUserClickOnSignup()[pri:0, instance:DemoPackage.TestNGDemo@ec756bd]" started-at="2024-12-06T20:38:32 EET" name="validateUserClickOnSignup" finished-at="2024-12-06T20:38:36 EET" depends-on-methods="DemoPackage.TestNGDemo.validateUserInHomePage" duration-ms="3382" status="PASS">
          <reporter-output>
          </reporter-output>
        </test-method> <!-- validateUserClickOnSignup -->
        <test-method signature="enterValidNameAndEmailInSignUpPage()[pri:0, instance:DemoPackage.TestNGDemo@ec756bd]" started-at="2024-12-06T20:38:36 EET" name="enterValidNameAndEmailInSignUpPage" finished-at="2024-12-06T20:38:37 EET" depends-on-methods="DemoPackage.TestNGDemo.validateUserClickOnSignup" duration-ms="1574" status="PASS">
          <reporter-output>
          </reporter-output>
        </test-method> <!-- enterValidNameAndEmailInSignUpPage -->
        <test-method signature="verifyEnterAccountInformationIsVisible()[pri:0, instance:DemoPackage.TestNGDemo@ec756bd]" started-at="2024-12-06T20:38:37 EET" name="verifyEnterAccountInformationIsVisible" finished-at="2024-12-06T20:38:38 EET" depends-on-methods="DemoPackage.TestNGDemo.enterValidNameAndEmailInSignUpPage" duration-ms="183" status="PASS">
          <reporter-output>
          </reporter-output>
        </test-method> <!-- verifyEnterAccountInformationIsVisible -->
        <test-method signature="fillingAccountInformationFields()[pri:0, instance:DemoPackage.TestNGDemo@ec756bd]" started-at="2024-12-06T20:38:38 EET" name="fillingAccountInformationFields" finished-at="2024-12-06T20:38:44 EET" depends-on-methods="DemoPackage.TestNGDemo.verifyEnterAccountInformationIsVisible" duration-ms="6251" status="PASS">
          <reporter-output>
          </reporter-output>
        </test-method> <!-- fillingAccountInformationFields -->
        <test-method signature="verifyAccountCreatedIsVisible()[pri:0, instance:DemoPackage.TestNGDemo@ec756bd]" started-at="2024-12-06T20:38:44 EET" name="verifyAccountCreatedIsVisible" finished-at="2024-12-06T20:38:46 EET" depends-on-methods="DemoPackage.TestNGDemo.fillingAccountInformationFields" duration-ms="2032" status="PASS">
          <reporter-output>
          </reporter-output>
        </test-method> <!-- verifyAccountCreatedIsVisible -->
        <test-method signature="verifyThatLoggedinAsUsernameIsVisible()[pri:0, instance:DemoPackage.TestNGDemo@ec756bd]" started-at="2024-12-06T20:38:46 EET" name="verifyThatLoggedinAsUsernameIsVisible" finished-at="2024-12-06T20:38:46 EET" depends-on-methods="DemoPackage.TestNGDemo.verifyAccountCreatedIsVisible" duration-ms="47" status="PASS">
          <reporter-output>
          </reporter-output>
        </test-method> <!-- verifyThatLoggedinAsUsernameIsVisible -->
        <test-method signature="deleteAccount()[pri:0, instance:DemoPackage.TestNGDemo@ec756bd]" started-at="2024-12-06T20:38:46 EET" name="deleteAccount" finished-at="2024-12-06T20:38:48 EET" depends-on-methods="DemoPackage.TestNGDemo.verifyThatLoggedinAsUsernameIsVisible" duration-ms="1873" status="PASS">
          <reporter-output>
          </reporter-output>
        </test-method> <!-- deleteAccount -->
        <test-method signature="verifyThatAccountDeletedIsVisible()[pri:0, instance:DemoPackage.TestNGDemo@ec756bd]" started-at="2024-12-06T20:38:48 EET" name="verifyThatAccountDeletedIsVisible" finished-at="2024-12-06T20:38:52 EET" depends-on-methods="DemoPackage.TestNGDemo.deleteAccount" duration-ms="4106" status="PASS">
          <reporter-output>
          </reporter-output>
        </test-method> <!-- verifyThatAccountDeletedIsVisible -->
        <test-method is-config="true" signature="closeTheBrowser()[pri:0, instance:DemoPackage.TestNGDemo@ec756bd]" started-at="2024-12-06T20:38:52 EET" name="closeTheBrowser" finished-at="2024-12-06T20:38:53 EET" duration-ms="978" status="PASS">
          <reporter-output>
          </reporter-output>
        </test-method> <!-- closeTheBrowser -->
      </class> <!-- DemoPackage.TestNGDemo -->
    </test> <!-- FirstSelenuimDemo.java -->
  </suite> <!-- Default Suite -->
</testng-results>
